

Microchip MPLAB XC8 Assembler V2.41 build 20230208172133 
                                                                                               Sun Apr 16 21:34:47 2023

Microchip MPLAB XC8 C Compiler v2.41 (Free license) build 20230208172133 Og1 
     1                           	processor	18F4620
     2                           	fnconf	rparam,??,?,0
     3                           	pagewidth 120
     4                           	opt	flic
     5                           	psect	idataCOMRAM,global,class=CODE,delta=1,noexec
     6                           	psect	nvCOMRAM,global,class=COMRAM,space=1,delta=1,lowdata,noexec
     7                           	psect	cinit,global,reloc=2,class=CODE,delta=1
     8                           	psect	bssCOMRAM,global,class=COMRAM,space=1,delta=1,lowdata,noexec
     9                           	psect	dataCOMRAM,global,class=COMRAM,space=1,delta=1,lowdata,noexec
    10                           	psect	cstackCOMRAM,global,class=COMRAM,space=1,delta=1,lowdata,noexec
    11                           	psect	text0,global,reloc=2,class=CODE,delta=1
    12                           	psect	text1,global,reloc=2,class=CODE,delta=1
    13                           	psect	text2,global,reloc=2,class=CODE,delta=1
    14                           	psect	text3,global,reloc=2,class=CODE,delta=1
    15                           	psect	text4,global,reloc=2,class=CODE,delta=1
    16                           	psect	text5,global,reloc=2,class=CODE,delta=1
    17                           	psect	text6,global,reloc=2,class=CODE,delta=1
    18                           	psect	intsave_regs,global,class=BIGRAM,space=1,delta=1,noexec
    19                           	psect	rparam,global,class=COMRAM,space=1,delta=1,noexec
    20                           	psect	idloc,global,abs,ovrld,class=IDLOC,space=5,delta=1,noexec
    21                           	psect	config,global,abs,ovrld,class=CONFIG,space=4,delta=1,noexec
    22   000000                     
    23                           ; Version 2.40
    24                           ; Generated 17/11/2021 GMT
    25                           ; 
    26                           ; Copyright © 2021, Microchip Technology Inc. and its subsidiaries ("Microchip")
    27                           ; All rights reserved.
    28                           ; 
    29                           ; This software is developed by Microchip Technology Inc. and its subsidiaries ("Microch
      +                          ip").
    30                           ; 
    31                           ; Redistribution and use in source and binary forms, with or without modification, are
    32                           ; permitted provided that the following conditions are met:
    33                           ; 
    34                           ;     1. Redistributions of source code must retain the above copyright notice, this lis
      +                          t of
    35                           ;        conditions and the following disclaimer.
    36                           ; 
    37                           ;     2. Redistributions in binary form must reproduce the above copyright notice, this 
      +                          list
    38                           ;        of conditions and the following disclaimer in the documentation and/or other
    39                           ;        materials provided with the distribution. Publication is not required when
    40                           ;        this file is used in an embedded application.
    41                           ; 
    42                           ;     3. Microchip's name may not be used to endorse or promote products derived from th
      +                          is
    43                           ;        software without specific prior written permission.
    44                           ; 
    45                           ; THIS SOFTWARE IS PROVIDED BY MICROCHIP "AS IS" AND ANY EXPRESS OR IMPLIED WARRANTIES,
    46                           ; INCLUDING, BUT NOT LIMITED TO, THE IMPLIED WARRANTIES OF MERCHANTABILITY AND FITNESS F
      +                          OR
    47                           ; PURPOSE ARE DISCLAIMED.  IN NO EVENT SHALL MICROCHIP BE LIABLE FOR ANY DIRECT, INDIREC
      +                          T,
    48                           ; INCIDENTAL, SPECIAL, EXEMPLARY, OR CONSEQUENTIAL DAMAGES (INCLUDING BUT NOT LIMITED TO
    49                           ; PROCUREMENT OF SUBSTITUTE GOODS OR SERVICES; LOSS OF USE, DATA OR PROFITS; OR BUSINESS
    50                           ; INTERRUPTION) HOWSOEVER CAUSED AND ON ANY THEORY OF LIABILITY, WHETHER IN CONTRACT, ST
      +                          RICT
    51                           ; LIABILITY, OR TORT (INCLUDING NEGLIGENCE OR OTHERWISE) ARISING IN ANY WAY OUT OF THE U
      +                          SE OF
    52                           ; THIS SOFTWARE, EVEN IF ADVISED OF THE POSSIBILITY OF SUCH DAMAGE.
    53                           ; 
    54                           ; 
    55                           ; Code-generator required, PIC18F4620 Definitions
    56                           ; 
    57                           ; SFR Addresses
    58   000000                     
    59                           	psect	idataCOMRAM
    60   00FD86                     __pidataCOMRAM:
    61                           	callstack 0
    62                           
    63                           ;initializer for _port_registers
    64   00FD86  80                 	db	128
    65   00FD87  0F                 	db	15
    66   00FD88  81                 	db	129
    67   00FD89  0F                 	db	15
    68   00FD8A  82                 	db	130
    69   00FD8B  0F                 	db	15
    70   00FD8C  83                 	db	131
    71   00FD8D  0F                 	db	15
    72   00FD8E  84                 	db	132
    73   00FD8F  0F                 	db	15
    74                           
    75                           ;initializer for _lat_registers
    76   00FD90  89                 	db	137
    77   00FD91  0F                 	db	15
    78   00FD92  8A                 	db	138
    79   00FD93  0F                 	db	15
    80   00FD94  8B                 	db	139
    81   00FD95  0F                 	db	15
    82   00FD96  8C                 	db	140
    83   00FD97  0F                 	db	15
    84   00FD98  8D                 	db	141
    85   00FD99  0F                 	db	15
    86                           
    87                           ;initializer for _tris_registers
    88   00FD9A  92                 	db	146
    89   00FD9B  0F                 	db	15
    90   00FD9C  93                 	db	147
    91   00FD9D  0F                 	db	15
    92   00FD9E  94                 	db	148
    93   00FD9F  0F                 	db	15
    94   00FDA0  95                 	db	149
    95   00FDA1  0F                 	db	15
    96   00FDA2  96                 	db	150
    97   00FDA3  0F                 	db	15
    98                           
    99                           ;initializer for _btn_1
   100   00FDA4  43                 	db	67
   101                           
   102                           ;initializer for _led_3
   103   00FDA5  12                 	db	18
   104                           
   105                           ;initializer for _led_2
   106   00FDA6  0A                 	db	10
   107                           
   108                           ;initializer for _led_1
   109   00FDA7  02                 	db	2
   110                           
   111                           	psect	nvCOMRAM
   112   000030                     __pnvCOMRAM:
   113                           	callstack 0
   114   000030                     _ret:
   115                           	callstack 0
   116   000030                     	ds	1
   117   000000                     _PORTE	set	3972
   118   000000                     _PORTD	set	3971
   119   000000                     _PORTC	set	3970
   120   000000                     _PORTB	set	3969
   121   000000                     _PORTA	set	3968
   122   000000                     _LATA	set	3977
   123   000000                     _TRISA	set	3986
   124   000000                     _TRISE	set	3990
   125   000000                     _TRISD	set	3989
   126   000000                     _TRISC	set	3988
   127   000000                     _TRISB	set	3987
   128   000000                     _LATE	set	3981
   129   000000                     _LATD	set	3980
   130   000000                     _LATC	set	3979
   131   000000                     _LATB	set	3978
   132                           
   133                           ; #config settings
   134                           
   135                           	psect	cinit
   136   00FDD2                     __pcinit:
   137                           	callstack 0
   138   00FDD2                     start_initialization:
   139                           	callstack 0
   140   00FDD2                     __initialization:
   141                           	callstack 0
   142                           
   143                           ; Initialize objects allocated to COMRAM (34 bytes)
   144                           ; load TBLPTR registers with __pidataCOMRAM
   145   00FDD2  0E86               	movlw	low __pidataCOMRAM
   146   00FDD4  6EF6               	movwf	tblptrl,c
   147   00FDD6  0EFD               	movlw	high __pidataCOMRAM
   148   00FDD8  6EF7               	movwf	tblptrh,c
   149   00FDDA  0E00               	movlw	low (__pidataCOMRAM shr (0+16))
   150   00FDDC  6EF8               	movwf	tblptru,c
   151   00FDDE  EE00  F001         	lfsr	0,__pdataCOMRAM
   152   00FDE2  EE10 F022          	lfsr	1,34
   153   00FDE6                     copy_data0:
   154   00FDE6  0009               	tblrd		*+
   155   00FDE8  CFF5 FFEE          	movff	tablat,postinc0
   156   00FDEC  50E5               	movf	postdec1,w,c
   157   00FDEE  50E1               	movf	fsr1l,w,c
   158   00FDF0  E1FA               	bnz	copy_data0
   159                           
   160                           ; Clear objects allocated to COMRAM (3 bytes)
   161   00FDF2  6A2F               	clrf	(__pbssCOMRAM+2)& (0+255),c
   162   00FDF4  6A2E               	clrf	(__pbssCOMRAM+1)& (0+255),c
   163   00FDF6  6A2D               	clrf	__pbssCOMRAM& (0+255),c
   164   00FDF8                     end_of_initialization:
   165                           	callstack 0
   166   00FDF8                     __end_of__initialization:
   167                           	callstack 0
   168   00FDF8  0E00               	movlw	low (__Lmediumconst shr (0+16))
   169   00FDFA  6EF8               	movwf	tblptru,c
   170   00FDFC  0100               	movlb	0
   171   00FDFE  EFD4  F07E         	goto	_main	;jump to C main() function
   172                           
   173                           	psect	bssCOMRAM
   174   00002D                     __pbssCOMRAM:
   175                           	callstack 0
   176   00002D                     _btn1_status:
   177                           	callstack 0
   178   00002D                     	ds	1
   179   00002E                     _port_logic_status:
   180                           	callstack 0
   181   00002E                     	ds	1
   182   00002F                     _port_direction_status:
   183                           	callstack 0
   184   00002F                     	ds	1
   185                           
   186                           	psect	dataCOMRAM
   187   000001                     __pdataCOMRAM:
   188                           	callstack 0
   189   000001                     _port_registers:
   190                           	callstack 0
   191   000001                     	ds	10
   192   00000B                     _lat_registers:
   193                           	callstack 0
   194   00000B                     	ds	10
   195   000015                     _tris_registers:
   196                           	callstack 0
   197   000015                     	ds	10
   198   00001F                     _btn_1:
   199                           	callstack 0
   200   00001F                     	ds	1
   201   000020                     _led_3:
   202                           	callstack 0
   203   000020                     	ds	1
   204   000021                     _led_2:
   205                           	callstack 0
   206   000021                     	ds	1
   207   000022                     _led_1:
   208                           	callstack 0
   209   000022                     	ds	1
   210                           
   211                           	psect	cstackCOMRAM
   212   000023                     __pcstackCOMRAM:
   213                           	callstack 0
   214   000023                     ??_gpio_port_toggle_logic:
   215   000023                     gpio_port_direction_initialize@direction:
   216                           	callstack 0
   217   000023                     gpio_port_write_logic@logic:
   218                           	callstack 0
   219   000023                     gpio_port_direction_status@direction_status:
   220                           	callstack 0
   221   000023                     gpio_port_read_logic@direction:
   222                           	callstack 0
   223                           
   224                           ; 2 bytes @ 0x0
   225   000023                     	ds	1
   226   000024                     ??_gpio_port_direction_initialize:
   227   000024                     ??_gpio_port_write_logic:
   228                           
   229                           ; 1 bytes @ 0x1
   230   000024                     	ds	1
   231   000025                     ??_gpio_port_direction_status:
   232   000025                     ??_gpio_port_read_logic:
   233   000025                     gpio_port_toggle_logic@ret:
   234                           	callstack 0
   235                           
   236                           ; 1 bytes @ 0x2
   237   000025                     	ds	1
   238   000026                     gpio_port_direction_initialize@ret:
   239                           	callstack 0
   240   000026                     gpio_port_write_logic@ret:
   241                           	callstack 0
   242   000026                     gpio_port_toggle_logic@port:
   243                           	callstack 0
   244                           
   245                           ; 1 bytes @ 0x3
   246   000026                     	ds	1
   247   000027                     gpio_port_direction_initialize@port:
   248                           	callstack 0
   249   000027                     gpio_port_direction_status@ret:
   250                           	callstack 0
   251   000027                     gpio_port_write_logic@port:
   252                           	callstack 0
   253   000027                     gpio_port_read_logic@ret:
   254                           	callstack 0
   255                           
   256                           ; 1 bytes @ 0x4
   257   000027                     	ds	1
   258   000028                     gpio_port_direction_status@port:
   259                           	callstack 0
   260   000028                     gpio_port_read_logic@port:
   261                           	callstack 0
   262                           
   263                           ; 1 bytes @ 0x5
   264   000028                     	ds	1
   265   000029                     ??_application_initialize:
   266                           
   267                           ; 1 bytes @ 0x6
   268   000029                     	ds	2
   269   00002B                     ??_main:
   270                           
   271                           ; 1 bytes @ 0x8
   272   00002B                     	ds	2
   273                           
   274 ;;
   275 ;;Main: autosize = 0, tempsize = 2, incstack = 0, save=0
   276 ;;
   277 ;; *************** function _main *****************
   278 ;; Defined at:
   279 ;;		line 28 in file "application.c"
   280 ;; Parameters:    Size  Location     Type
   281 ;;		None
   282 ;; Auto vars:     Size  Location     Type
   283 ;;		None
   284 ;; Return value:  Size  Location     Type
   285 ;;                  2  151[None  ] int 
   286 ;; Registers used:
   287 ;;		wreg, fsr1l, fsr1h, fsr2l, fsr2h, status,2, status,0, prodl, prodh, cstack
   288 ;; Tracked objects:
   289 ;;		On entry : 0/0
   290 ;;		On exit  : 0/0
   291 ;;		Unchanged: 0/0
   292 ;; Data sizes:     COMRAM   BANK0   BANK1   BANK2   BANK3   BANK4   BANK5   BANK6   BANK7   BANK8   BANK9  BANK10  BANK1
      +1  BANK12  BANK13  BANK14  BANK15
   293 ;;      Params:         0       0       0       0       0       0       0       0       0       0       0       0       
      +0       0       0       0       0
   294 ;;      Locals:         0       0       0       0       0       0       0       0       0       0       0       0       
      +0       0       0       0       0
   295 ;;      Temps:          2       0       0       0       0       0       0       0       0       0       0       0       
      +0       0       0       0       0
   296 ;;      Totals:         2       0       0       0       0       0       0       0       0       0       0       0       
      +0       0       0       0       0
   297 ;;Total ram usage:        2 bytes
   298 ;; Hardware stack levels required when called: 2
   299 ;; This function calls:
   300 ;;		_application_initialize
   301 ;;		_gpio_port_toggle_logic
   302 ;; This function is called by:
   303 ;;		Startup code after reset
   304 ;; This function uses a non-reentrant model
   305 ;;
   306                           
   307                           	psect	text0
   308   00FDA8                     __ptext0:
   309                           	callstack 0
   310   00FDA8                     _main:
   311                           	callstack 29
   312   00FDA8                     
   313                           ;application.c: 30:    application_initialize();
   314   00FDA8  ECCA  F07F         	call	_application_initialize	;wreg free
   315   00FDAC                     l1082:
   316                           
   317                           ;application.c: 33:     {;application.c: 34:         ret = gpio_port_toggle_logic(PORTC_
      +                          INDEX);
   318   00FDAC  0E02               	movlw	2
   319   00FDAE  EC47  F07F         	call	_gpio_port_toggle_logic
   320   00FDB2  6E30               	movwf	_ret^0,c
   321   00FDB4                     
   322                           ;application.c: 35:         _delay((unsigned long)((500)*(4000000/4000.0)));
   323   00FDB4  0E03               	movlw	3
   324   00FDB6  6E2C               	movwf	(??_main+1)^0,c
   325   00FDB8  0E8A               	movlw	138
   326   00FDBA  6E2B               	movwf	??_main^0,c
   327   00FDBC  0E56               	movlw	86
   328   00FDBE                     u377:
   329   00FDBE  2EE8               	decfsz	wreg,f,c
   330   00FDC0  D7FE               	bra	u377
   331   00FDC2  2E2B               	decfsz	??_main^0,f,c
   332   00FDC4  D7FC               	bra	u377
   333   00FDC6  2E2C               	decfsz	(??_main+1)^0,f,c
   334   00FDC8  D7FA               	bra	u377
   335   00FDCA  EFD6  F07E         	goto	l1082
   336   00FDCE  EF00  F000         	goto	start
   337   00FDD2                     __end_of_main:
   338                           	callstack 0
   339                           
   340 ;; *************** function _gpio_port_toggle_logic *****************
   341 ;; Defined at:
   342 ;;		line 275 in file "MCAL_Layer/GPIO/mcal_gpio.c"
   343 ;; Parameters:    Size  Location     Type
   344 ;;  port            1    wreg     enum E2819
   345 ;; Auto vars:     Size  Location     Type
   346 ;;  port            1    3[COMRAM] enum E2819
   347 ;;  ret             1    2[COMRAM] unsigned char 
   348 ;; Return value:  Size  Location     Type
   349 ;;                  1    wreg      unsigned char 
   350 ;; Registers used:
   351 ;;		wreg, fsr2l, fsr2h, status,2, status,0, prodl, prodh
   352 ;; Tracked objects:
   353 ;;		On entry : 0/0
   354 ;;		On exit  : 0/0
   355 ;;		Unchanged: 0/0
   356 ;; Data sizes:     COMRAM   BANK0   BANK1   BANK2   BANK3   BANK4   BANK5   BANK6   BANK7   BANK8   BANK9  BANK10  BANK1
      +1  BANK12  BANK13  BANK14  BANK15
   357 ;;      Params:         0       0       0       0       0       0       0       0       0       0       0       0       
      +0       0       0       0       0
   358 ;;      Locals:         2       0       0       0       0       0       0       0       0       0       0       0       
      +0       0       0       0       0
   359 ;;      Temps:          2       0       0       0       0       0       0       0       0       0       0       0       
      +0       0       0       0       0
   360 ;;      Totals:         4       0       0       0       0       0       0       0       0       0       0       0       
      +0       0       0       0       0
   361 ;;Total ram usage:        4 bytes
   362 ;; Hardware stack levels used: 1
   363 ;; This function calls:
   364 ;;		Nothing
   365 ;; This function is called by:
   366 ;;		_main
   367 ;; This function uses a non-reentrant model
   368 ;;
   369                           
   370                           	psect	text1
   371   00FE8E                     __ptext1:
   372                           	callstack 0
   373   00FE8E                     _gpio_port_toggle_logic:
   374                           	callstack 30
   375                           
   376                           ;incstack = 0
   377                           ;gpio_port_toggle_logic@port stored from wreg
   378   00FE8E  6E26               	movwf	gpio_port_toggle_logic@port^0,c
   379   00FE90                     
   380                           ;MCAL_Layer/GPIO/mcal_gpio.c: 275: Std_ReturnType gpio_port_toggle_logic(port_index_t po
      +                          rt);MCAL_Layer/GPIO/mcal_gpio.c: 276: {;MCAL_Layer/GPIO/mcal_gpio.c: 277:     Std_Return
      +                          Type ret = (Std_ReturnType)0x01;
   381   00FE90  0E01               	movlw	1
   382   00FE92  6E25               	movwf	gpio_port_toggle_logic@ret^0,c
   383   00FE94                     
   384                           ;MCAL_Layer/GPIO/mcal_gpio.c: 278:     if(port > 4)
   385   00FE94  0E04               	movlw	4
   386   00FE96  6426               	cpfsgt	gpio_port_toggle_logic@port^0,c
   387   00FE98  EF50  F07F         	goto	u171
   388   00FE9C  EF52  F07F         	goto	u170
   389   00FEA0                     u171:
   390   00FEA0  EF56  F07F         	goto	l940
   391   00FEA4                     u170:
   392   00FEA4                     
   393                           ;MCAL_Layer/GPIO/mcal_gpio.c: 279:     {;MCAL_Layer/GPIO/mcal_gpio.c: 280:         ret =
      +                           (Std_ReturnType)0x00;
   394   00FEA4  0E00               	movlw	0
   395   00FEA6  6E25               	movwf	gpio_port_toggle_logic@ret^0,c
   396                           
   397                           ;MCAL_Layer/GPIO/mcal_gpio.c: 281:     }
   398   00FEA8  EF68  F07F         	goto	l942
   399   00FEAC                     l940:
   400                           
   401                           ;MCAL_Layer/GPIO/mcal_gpio.c: 284:     {;MCAL_Layer/GPIO/mcal_gpio.c: 285:         *lat_
      +                          registers[port] ^= (Std_ReturnType)0xFF;
   402   00FEAC  5026               	movf	gpio_port_toggle_logic@port^0,w,c
   403   00FEAE  0D02               	mullw	2
   404   00FEB0  0E0B               	movlw	low _lat_registers
   405   00FEB2  24F3               	addwf	243,w,c
   406   00FEB4  6ED9               	movwf	fsr2l,c
   407   00FEB6  0E00               	movlw	high _lat_registers
   408   00FEB8  20F4               	addwfc	prodh,w,c
   409   00FEBA  6EDA               	movwf	fsr2h,c
   410   00FEBC  CFDE F023          	movff	postinc2,??_gpio_port_toggle_logic
   411   00FEC0  CFDD F024          	movff	postdec2,??_gpio_port_toggle_logic+1
   412   00FEC4  C023  FFD9         	movff	??_gpio_port_toggle_logic,fsr2l
   413   00FEC8  C024  FFDA         	movff	??_gpio_port_toggle_logic+1,fsr2h
   414   00FECC  0EFF               	movlw	255
   415   00FECE  1ADF               	xorwf	indf2,f,c
   416   00FED0                     l942:
   417                           
   418                           ;MCAL_Layer/GPIO/mcal_gpio.c: 288:      return ret;
   419   00FED0  5025               	movf	gpio_port_toggle_logic@ret^0,w,c
   420   00FED2  0012               	return		;funcret
   421   00FED4                     __end_of_gpio_port_toggle_logic:
   422                           	callstack 0
   423                           
   424 ;; *************** function _application_initialize *****************
   425 ;; Defined at:
   426 ;;		line 56 in file "application.c"
   427 ;; Parameters:    Size  Location     Type
   428 ;;		None
   429 ;; Auto vars:     Size  Location     Type
   430 ;;		None
   431 ;; Return value:  Size  Location     Type
   432 ;;                  1    wreg      void 
   433 ;; Registers used:
   434 ;;		wreg, fsr1l, fsr1h, fsr2l, fsr2h, status,2, status,0, prodl, prodh, cstack
   435 ;; Tracked objects:
   436 ;;		On entry : 0/0
   437 ;;		On exit  : 0/0
   438 ;;		Unchanged: 0/0
   439 ;; Data sizes:     COMRAM   BANK0   BANK1   BANK2   BANK3   BANK4   BANK5   BANK6   BANK7   BANK8   BANK9  BANK10  BANK1
      +1  BANK12  BANK13  BANK14  BANK15
   440 ;;      Params:         0       0       0       0       0       0       0       0       0       0       0       0       
      +0       0       0       0       0
   441 ;;      Locals:         0       0       0       0       0       0       0       0       0       0       0       0       
      +0       0       0       0       0
   442 ;;      Temps:          2       0       0       0       0       0       0       0       0       0       0       0       
      +0       0       0       0       0
   443 ;;      Totals:         2       0       0       0       0       0       0       0       0       0       0       0       
      +0       0       0       0       0
   444 ;;Total ram usage:        2 bytes
   445 ;; Hardware stack levels used: 1
   446 ;; Hardware stack levels required when called: 1
   447 ;; This function calls:
   448 ;;		_gpio_port_direction_initialize
   449 ;;		_gpio_port_direction_status
   450 ;;		_gpio_port_read_logic
   451 ;;		_gpio_port_write_logic
   452 ;; This function is called by:
   453 ;;		_main
   454 ;; This function uses a non-reentrant model
   455 ;;
   456                           
   457                           	psect	text2
   458   00FF94                     __ptext2:
   459                           	callstack 0
   460   00FF94                     _application_initialize:
   461                           	callstack 29
   462   00FF94                     
   463                           ;application.c: 64:     ret = gpio_port_direction_initialize(PORTC_INDEX, 0x00);
   464   00FF94  0E00               	movlw	0
   465   00FF96  6E23               	movwf	gpio_port_direction_initialize@direction^0,c
   466   00FF98  0E02               	movlw	2
   467   00FF9A  EC01  F07F         	call	_gpio_port_direction_initialize
   468   00FF9E  6E30               	movwf	_ret^0,c
   469   00FFA0                     
   470                           ;application.c: 65:     ret = gpio_port_direction_status(PORTC_INDEX, &port_direction_st
      +                          atus);
   471   00FFA0  0E2F               	movlw	low _port_direction_status
   472   00FFA2  6E23               	movwf	gpio_port_direction_status@direction_status^0,c
   473   00FFA4  0E00               	movlw	high _port_direction_status
   474   00FFA6  6E24               	movwf	(gpio_port_direction_status@direction_status+1)^0,c
   475   00FFA8  0E02               	movlw	2
   476   00FFAA  EC6A  F07F         	call	_gpio_port_direction_status
   477   00FFAE  6E30               	movwf	_ret^0,c
   478   00FFB0                     
   479                           ;application.c: 67:     ret = gpio_port_write_logic(PORTC_INDEX, 0x55);
   480   00FFB0  0E55               	movlw	85
   481   00FFB2  6E23               	movwf	gpio_port_write_logic@logic^0,c
   482   00FFB4  0E02               	movlw	2
   483   00FFB6  EC24  F07F         	call	_gpio_port_write_logic
   484   00FFBA  6E30               	movwf	_ret^0,c
   485                           
   486                           ;application.c: 68:     ret = gpio_port_read_logic(PORTC_INDEX, &port_logic_status);
   487   00FFBC  0E2E               	movlw	low _port_logic_status
   488   00FFBE  6E23               	movwf	gpio_port_read_logic@direction^0,c
   489   00FFC0  0E00               	movlw	high _port_logic_status
   490   00FFC2  6E24               	movwf	(gpio_port_read_logic@direction+1)^0,c
   491   00FFC4  0E02               	movlw	2
   492   00FFC6  EC9A  F07F         	call	_gpio_port_read_logic
   493   00FFCA  6E30               	movwf	_ret^0,c
   494   00FFCC                     
   495                           ;application.c: 69:     _delay((unsigned long)((3000)*(4000000/4000.0)));
   496   00FFCC  0E10               	movlw	16
   497   00FFCE  6E2A               	movwf	(??_application_initialize+1)^0,c
   498   00FFD0  0E39               	movlw	57
   499   00FFD2  6E29               	movwf	??_application_initialize^0,c
   500   00FFD4  0E0E               	movlw	14
   501   00FFD6                     u387:
   502   00FFD6  2EE8               	decfsz	wreg,f,c
   503   00FFD8  D7FE               	bra	u387
   504   00FFDA  2E29               	decfsz	??_application_initialize^0,f,c
   505   00FFDC  D7FC               	bra	u387
   506   00FFDE  2E2A               	decfsz	(??_application_initialize+1)^0,f,c
   507   00FFE0  D7FA               	bra	u387
   508   00FFE2                     
   509                           ;application.c: 70:     ret = gpio_port_write_logic(PORTC_INDEX, 0xAA);
   510   00FFE2  0EAA               	movlw	170
   511   00FFE4  6E23               	movwf	gpio_port_write_logic@logic^0,c
   512   00FFE6  0E02               	movlw	2
   513   00FFE8  EC24  F07F         	call	_gpio_port_write_logic
   514   00FFEC  6E30               	movwf	_ret^0,c
   515   00FFEE                     
   516                           ;application.c: 71:     ret = gpio_port_read_logic(PORTC_INDEX, &port_logic_status);
   517   00FFEE  0E2E               	movlw	low _port_logic_status
   518   00FFF0  6E23               	movwf	gpio_port_read_logic@direction^0,c
   519   00FFF2  0E00               	movlw	high _port_logic_status
   520   00FFF4  6E24               	movwf	(gpio_port_read_logic@direction+1)^0,c
   521   00FFF6  0E02               	movlw	2
   522   00FFF8  EC9A  F07F         	call	_gpio_port_read_logic
   523   00FFFC  6E30               	movwf	_ret^0,c
   524   00FFFE  0012               	return		;funcret
   525   010000                     __end_of_application_initialize:
   526                           	callstack 0
   527                           
   528 ;; *************** function _gpio_port_write_logic *****************
   529 ;; Defined at:
   530 ;;		line 231 in file "MCAL_Layer/GPIO/mcal_gpio.c"
   531 ;; Parameters:    Size  Location     Type
   532 ;;  port            1    wreg     enum E2819
   533 ;;  logic           1    0[COMRAM] unsigned char 
   534 ;; Auto vars:     Size  Location     Type
   535 ;;  port            1    4[COMRAM] enum E2819
   536 ;;  ret             1    3[COMRAM] unsigned char 
   537 ;; Return value:  Size  Location     Type
   538 ;;                  1    wreg      unsigned char 
   539 ;; Registers used:
   540 ;;		wreg, fsr2l, fsr2h, status,2, status,0, prodl, prodh
   541 ;; Tracked objects:
   542 ;;		On entry : 0/0
   543 ;;		On exit  : 0/0
   544 ;;		Unchanged: 0/0
   545 ;; Data sizes:     COMRAM   BANK0   BANK1   BANK2   BANK3   BANK4   BANK5   BANK6   BANK7   BANK8   BANK9  BANK10  BANK1
      +1  BANK12  BANK13  BANK14  BANK15
   546 ;;      Params:         1       0       0       0       0       0       0       0       0       0       0       0       
      +0       0       0       0       0
   547 ;;      Locals:         2       0       0       0       0       0       0       0       0       0       0       0       
      +0       0       0       0       0
   548 ;;      Temps:          2       0       0       0       0       0       0       0       0       0       0       0       
      +0       0       0       0       0
   549 ;;      Totals:         5       0       0       0       0       0       0       0       0       0       0       0       
      +0       0       0       0       0
   550 ;;Total ram usage:        5 bytes
   551 ;; Hardware stack levels used: 1
   552 ;; This function calls:
   553 ;;		Nothing
   554 ;; This function is called by:
   555 ;;		_application_initialize
   556 ;; This function uses a non-reentrant model
   557 ;;
   558                           
   559                           	psect	text3
   560   00FE48                     __ptext3:
   561                           	callstack 0
   562   00FE48                     _gpio_port_write_logic:
   563                           	callstack 29
   564                           
   565                           ;incstack = 0
   566                           ;gpio_port_write_logic@port stored from wreg
   567   00FE48  6E27               	movwf	gpio_port_write_logic@port^0,c
   568   00FE4A                     
   569                           ;MCAL_Layer/GPIO/mcal_gpio.c: 231: Std_ReturnType gpio_port_write_logic(port_index_t por
      +                          t, Std_ReturnType logic);MCAL_Layer/GPIO/mcal_gpio.c: 232: {;MCAL_Layer/GPIO/mcal_gpio.c
      +                          : 233:     Std_ReturnType ret = (Std_ReturnType)0x01;
   570   00FE4A  0E01               	movlw	1
   571   00FE4C  6E26               	movwf	gpio_port_write_logic@ret^0,c
   572   00FE4E                     
   573                           ;MCAL_Layer/GPIO/mcal_gpio.c: 235:     if(port > 4)
   574   00FE4E  0E04               	movlw	4
   575   00FE50  6427               	cpfsgt	gpio_port_write_logic@port^0,c
   576   00FE52  EF2D  F07F         	goto	u341
   577   00FE56  EF2F  F07F         	goto	u340
   578   00FE5A                     u341:
   579   00FE5A  EF33  F07F         	goto	l1048
   580   00FE5E                     u340:
   581   00FE5E                     
   582                           ;MCAL_Layer/GPIO/mcal_gpio.c: 236:     {;MCAL_Layer/GPIO/mcal_gpio.c: 237:         ret =
      +                           (Std_ReturnType)0x00;
   583   00FE5E  0E00               	movlw	0
   584   00FE60  6E26               	movwf	gpio_port_write_logic@ret^0,c
   585                           
   586                           ;MCAL_Layer/GPIO/mcal_gpio.c: 238:     }
   587   00FE62  EF45  F07F         	goto	l1050
   588   00FE66                     l1048:
   589                           
   590                           ;MCAL_Layer/GPIO/mcal_gpio.c: 241:     {;MCAL_Layer/GPIO/mcal_gpio.c: 242:         *lat_
      +                          registers[port] = logic;
   591   00FE66  5027               	movf	gpio_port_write_logic@port^0,w,c
   592   00FE68  0D02               	mullw	2
   593   00FE6A  0E0B               	movlw	low _lat_registers
   594   00FE6C  24F3               	addwf	243,w,c
   595   00FE6E  6ED9               	movwf	fsr2l,c
   596   00FE70  0E00               	movlw	high _lat_registers
   597   00FE72  20F4               	addwfc	prodh,w,c
   598   00FE74  6EDA               	movwf	fsr2h,c
   599   00FE76  CFDE F024          	movff	postinc2,??_gpio_port_write_logic
   600   00FE7A  CFDD F025          	movff	postdec2,??_gpio_port_write_logic+1
   601   00FE7E  C024  FFD9         	movff	??_gpio_port_write_logic,fsr2l
   602   00FE82  C025  FFDA         	movff	??_gpio_port_write_logic+1,fsr2h
   603   00FE86  C023  FFDF         	movff	gpio_port_write_logic@logic,indf2
   604   00FE8A                     l1050:
   605                           
   606                           ;MCAL_Layer/GPIO/mcal_gpio.c: 245:     return ret;
   607   00FE8A  5026               	movf	gpio_port_write_logic@ret^0,w,c
   608   00FE8C  0012               	return		;funcret
   609   00FE8E                     __end_of_gpio_port_write_logic:
   610                           	callstack 0
   611                           
   612 ;; *************** function _gpio_port_read_logic *****************
   613 ;; Defined at:
   614 ;;		line 254 in file "MCAL_Layer/GPIO/mcal_gpio.c"
   615 ;; Parameters:    Size  Location     Type
   616 ;;  port            1    wreg     enum E2819
   617 ;;  direction       2    0[COMRAM] PTR unsigned char 
   618 ;;		 -> port_logic_status(1), 
   619 ;; Auto vars:     Size  Location     Type
   620 ;;  port            1    5[COMRAM] enum E2819
   621 ;;  ret             1    4[COMRAM] unsigned char 
   622 ;; Return value:  Size  Location     Type
   623 ;;                  1    wreg      unsigned char 
   624 ;; Registers used:
   625 ;;		wreg, fsr1l, fsr1h, fsr2l, fsr2h, status,2, status,0, prodl, prodh
   626 ;; Tracked objects:
   627 ;;		On entry : 0/0
   628 ;;		On exit  : 0/0
   629 ;;		Unchanged: 0/0
   630 ;; Data sizes:     COMRAM   BANK0   BANK1   BANK2   BANK3   BANK4   BANK5   BANK6   BANK7   BANK8   BANK9  BANK10  BANK1
      +1  BANK12  BANK13  BANK14  BANK15
   631 ;;      Params:         2       0       0       0       0       0       0       0       0       0       0       0       
      +0       0       0       0       0
   632 ;;      Locals:         2       0       0       0       0       0       0       0       0       0       0       0       
      +0       0       0       0       0
   633 ;;      Temps:          2       0       0       0       0       0       0       0       0       0       0       0       
      +0       0       0       0       0
   634 ;;      Totals:         6       0       0       0       0       0       0       0       0       0       0       0       
      +0       0       0       0       0
   635 ;;Total ram usage:        6 bytes
   636 ;; Hardware stack levels used: 1
   637 ;; This function calls:
   638 ;;		Nothing
   639 ;; This function is called by:
   640 ;;		_application_initialize
   641 ;; This function uses a non-reentrant model
   642 ;;
   643                           
   644                           	psect	text4
   645   00FF34                     __ptext4:
   646                           	callstack 0
   647   00FF34                     _gpio_port_read_logic:
   648                           	callstack 29
   649                           
   650                           ;incstack = 0
   651                           ;gpio_port_read_logic@port stored from wreg
   652   00FF34  6E28               	movwf	gpio_port_read_logic@port^0,c
   653   00FF36                     
   654                           ;MCAL_Layer/GPIO/mcal_gpio.c: 254: Std_ReturnType gpio_port_read_logic(port_index_t port
      +                          , Std_ReturnType* direction);MCAL_Layer/GPIO/mcal_gpio.c: 255: {;MCAL_Layer/GPIO/mcal_gp
      +                          io.c: 256:     Std_ReturnType ret = (Std_ReturnType)0x01;
   655   00FF36  0E01               	movlw	1
   656   00FF38  6E27               	movwf	gpio_port_read_logic@ret^0,c
   657   00FF3A                     
   658                           ;MCAL_Layer/GPIO/mcal_gpio.c: 257:     if(((void*)0) == direction || port > 4)
   659   00FF3A  5023               	movf	gpio_port_read_logic@direction^0,w,c
   660   00FF3C  1024               	iorwf	(gpio_port_read_logic@direction+1)^0,w,c
   661   00FF3E  B4D8               	btfsc	status,2,c
   662   00FF40  EFA4  F07F         	goto	u351
   663   00FF44  EFA6  F07F         	goto	u350
   664   00FF48                     u351:
   665   00FF48  EFAE  F07F         	goto	l1060
   666   00FF4C                     u350:
   667   00FF4C  0E04               	movlw	4
   668   00FF4E  6428               	cpfsgt	gpio_port_read_logic@port^0,c
   669   00FF50  EFAC  F07F         	goto	u361
   670   00FF54  EFAE  F07F         	goto	u360
   671   00FF58                     u361:
   672   00FF58  EFB2  F07F         	goto	l1062
   673   00FF5C                     u360:
   674   00FF5C                     l1060:
   675                           
   676                           ;MCAL_Layer/GPIO/mcal_gpio.c: 258:     {;MCAL_Layer/GPIO/mcal_gpio.c: 259:         ret =
      +                           (Std_ReturnType)0x00;
   677   00FF5C  0E00               	movlw	0
   678   00FF5E  6E27               	movwf	gpio_port_read_logic@ret^0,c
   679                           
   680                           ;MCAL_Layer/GPIO/mcal_gpio.c: 260:     }
   681   00FF60  EFC8  F07F         	goto	l1064
   682   00FF64                     l1062:
   683                           
   684                           ;MCAL_Layer/GPIO/mcal_gpio.c: 263:     {;MCAL_Layer/GPIO/mcal_gpio.c: 264:         *dire
      +                          ction = *port_registers[port];
   685   00FF64  5028               	movf	gpio_port_read_logic@port^0,w,c
   686   00FF66  0D02               	mullw	2
   687   00FF68  0E01               	movlw	low _port_registers
   688   00FF6A  24F3               	addwf	243,w,c
   689   00FF6C  6ED9               	movwf	fsr2l,c
   690   00FF6E  0E00               	movlw	high _port_registers
   691   00FF70  20F4               	addwfc	prodh,w,c
   692   00FF72  6EDA               	movwf	fsr2h,c
   693   00FF74  CFDE F025          	movff	postinc2,??_gpio_port_read_logic
   694   00FF78  CFDD F026          	movff	postdec2,??_gpio_port_read_logic+1
   695   00FF7C  C025  FFD9         	movff	??_gpio_port_read_logic,fsr2l
   696   00FF80  C026  FFDA         	movff	??_gpio_port_read_logic+1,fsr2h
   697   00FF84  C023  FFE1         	movff	gpio_port_read_logic@direction,fsr1l
   698   00FF88  C024  FFE2         	movff	gpio_port_read_logic@direction+1,fsr1h
   699   00FF8C  CFDF FFE7          	movff	indf2,indf1
   700   00FF90                     l1064:
   701                           
   702                           ;MCAL_Layer/GPIO/mcal_gpio.c: 267:      return ret;
   703   00FF90  5027               	movf	gpio_port_read_logic@ret^0,w,c
   704   00FF92  0012               	return		;funcret
   705   00FF94                     __end_of_gpio_port_read_logic:
   706                           	callstack 0
   707                           
   708 ;; *************** function _gpio_port_direction_status *****************
   709 ;; Defined at:
   710 ;;		line 208 in file "MCAL_Layer/GPIO/mcal_gpio.c"
   711 ;; Parameters:    Size  Location     Type
   712 ;;  port            1    wreg     enum E2819
   713 ;;  direction_st    2    0[COMRAM] PTR unsigned char 
   714 ;;		 -> port_direction_status(1), 
   715 ;; Auto vars:     Size  Location     Type
   716 ;;  port            1    5[COMRAM] enum E2819
   717 ;;  ret             1    4[COMRAM] unsigned char 
   718 ;; Return value:  Size  Location     Type
   719 ;;                  1    wreg      unsigned char 
   720 ;; Registers used:
   721 ;;		wreg, fsr1l, fsr1h, fsr2l, fsr2h, status,2, status,0, prodl, prodh
   722 ;; Tracked objects:
   723 ;;		On entry : 0/0
   724 ;;		On exit  : 0/0
   725 ;;		Unchanged: 0/0
   726 ;; Data sizes:     COMRAM   BANK0   BANK1   BANK2   BANK3   BANK4   BANK5   BANK6   BANK7   BANK8   BANK9  BANK10  BANK1
      +1  BANK12  BANK13  BANK14  BANK15
   727 ;;      Params:         2       0       0       0       0       0       0       0       0       0       0       0       
      +0       0       0       0       0
   728 ;;      Locals:         2       0       0       0       0       0       0       0       0       0       0       0       
      +0       0       0       0       0
   729 ;;      Temps:          2       0       0       0       0       0       0       0       0       0       0       0       
      +0       0       0       0       0
   730 ;;      Totals:         6       0       0       0       0       0       0       0       0       0       0       0       
      +0       0       0       0       0
   731 ;;Total ram usage:        6 bytes
   732 ;; Hardware stack levels used: 1
   733 ;; This function calls:
   734 ;;		Nothing
   735 ;; This function is called by:
   736 ;;		_application_initialize
   737 ;; This function uses a non-reentrant model
   738 ;;
   739                           
   740                           	psect	text5
   741   00FED4                     __ptext5:
   742                           	callstack 0
   743   00FED4                     _gpio_port_direction_status:
   744                           	callstack 29
   745                           
   746                           ;incstack = 0
   747                           ;gpio_port_direction_status@port stored from wreg
   748   00FED4  6E28               	movwf	gpio_port_direction_status@port^0,c
   749   00FED6                     
   750                           ;MCAL_Layer/GPIO/mcal_gpio.c: 208: Std_ReturnType gpio_port_direction_status(port_index_
      +                          t port, Std_ReturnType* direction_status);MCAL_Layer/GPIO/mcal_gpio.c: 209: {;MCAL_Layer
      +                          /GPIO/mcal_gpio.c: 210:     Std_ReturnType ret = (Std_ReturnType)0x01;
   751   00FED6  0E01               	movlw	1
   752   00FED8  6E27               	movwf	gpio_port_direction_status@ret^0,c
   753   00FEDA                     
   754                           ;MCAL_Layer/GPIO/mcal_gpio.c: 212:     if(((void*)0) == direction_status || port > 4)
   755   00FEDA  5023               	movf	gpio_port_direction_status@direction_status^0,w,c
   756   00FEDC  1024               	iorwf	(gpio_port_direction_status@direction_status+1)^0,w,c
   757   00FEDE  B4D8               	btfsc	status,2,c
   758   00FEE0  EF74  F07F         	goto	u321
   759   00FEE4  EF76  F07F         	goto	u320
   760   00FEE8                     u321:
   761   00FEE8  EF7E  F07F         	goto	l1034
   762   00FEEC                     u320:
   763   00FEEC  0E04               	movlw	4
   764   00FEEE  6428               	cpfsgt	gpio_port_direction_status@port^0,c
   765   00FEF0  EF7C  F07F         	goto	u331
   766   00FEF4  EF7E  F07F         	goto	u330
   767   00FEF8                     u331:
   768   00FEF8  EF82  F07F         	goto	l1036
   769   00FEFC                     u330:
   770   00FEFC                     l1034:
   771                           
   772                           ;MCAL_Layer/GPIO/mcal_gpio.c: 213:     {;MCAL_Layer/GPIO/mcal_gpio.c: 214:         ret =
      +                           (Std_ReturnType)0x00;
   773   00FEFC  0E00               	movlw	0
   774   00FEFE  6E27               	movwf	gpio_port_direction_status@ret^0,c
   775                           
   776                           ;MCAL_Layer/GPIO/mcal_gpio.c: 215:     }
   777   00FF00  EF98  F07F         	goto	l1038
   778   00FF04                     l1036:
   779                           
   780                           ;MCAL_Layer/GPIO/mcal_gpio.c: 218:     {;MCAL_Layer/GPIO/mcal_gpio.c: 219:         *dire
      +                          ction_status = *tris_registers[port];
   781   00FF04  5028               	movf	gpio_port_direction_status@port^0,w,c
   782   00FF06  0D02               	mullw	2
   783   00FF08  0E15               	movlw	low _tris_registers
   784   00FF0A  24F3               	addwf	243,w,c
   785   00FF0C  6ED9               	movwf	fsr2l,c
   786   00FF0E  0E00               	movlw	high _tris_registers
   787   00FF10  20F4               	addwfc	prodh,w,c
   788   00FF12  6EDA               	movwf	fsr2h,c
   789   00FF14  CFDE F025          	movff	postinc2,??_gpio_port_direction_status
   790   00FF18  CFDD F026          	movff	postdec2,??_gpio_port_direction_status+1
   791   00FF1C  C025  FFD9         	movff	??_gpio_port_direction_status,fsr2l
   792   00FF20  C026  FFDA         	movff	??_gpio_port_direction_status+1,fsr2h
   793   00FF24  C023  FFE1         	movff	gpio_port_direction_status@direction_status,fsr1l
   794   00FF28  C024  FFE2         	movff	gpio_port_direction_status@direction_status+1,fsr1h
   795   00FF2C  CFDF FFE7          	movff	indf2,indf1
   796   00FF30                     l1038:
   797                           
   798                           ;MCAL_Layer/GPIO/mcal_gpio.c: 222:     return ret;
   799   00FF30  5027               	movf	gpio_port_direction_status@ret^0,w,c
   800   00FF32  0012               	return		;funcret
   801   00FF34                     __end_of_gpio_port_direction_status:
   802                           	callstack 0
   803                           
   804 ;; *************** function _gpio_port_direction_initialize *****************
   805 ;; Defined at:
   806 ;;		line 185 in file "MCAL_Layer/GPIO/mcal_gpio.c"
   807 ;; Parameters:    Size  Location     Type
   808 ;;  port            1    wreg     enum E2819
   809 ;;  direction       1    0[COMRAM] unsigned char 
   810 ;; Auto vars:     Size  Location     Type
   811 ;;  port            1    4[COMRAM] enum E2819
   812 ;;  ret             1    3[COMRAM] unsigned char 
   813 ;; Return value:  Size  Location     Type
   814 ;;                  1    wreg      unsigned char 
   815 ;; Registers used:
   816 ;;		wreg, fsr2l, fsr2h, status,2, status,0, prodl, prodh
   817 ;; Tracked objects:
   818 ;;		On entry : 0/0
   819 ;;		On exit  : 0/0
   820 ;;		Unchanged: 0/0
   821 ;; Data sizes:     COMRAM   BANK0   BANK1   BANK2   BANK3   BANK4   BANK5   BANK6   BANK7   BANK8   BANK9  BANK10  BANK1
      +1  BANK12  BANK13  BANK14  BANK15
   822 ;;      Params:         1       0       0       0       0       0       0       0       0       0       0       0       
      +0       0       0       0       0
   823 ;;      Locals:         2       0       0       0       0       0       0       0       0       0       0       0       
      +0       0       0       0       0
   824 ;;      Temps:          2       0       0       0       0       0       0       0       0       0       0       0       
      +0       0       0       0       0
   825 ;;      Totals:         5       0       0       0       0       0       0       0       0       0       0       0       
      +0       0       0       0       0
   826 ;;Total ram usage:        5 bytes
   827 ;; Hardware stack levels used: 1
   828 ;; This function calls:
   829 ;;		Nothing
   830 ;; This function is called by:
   831 ;;		_application_initialize
   832 ;; This function uses a non-reentrant model
   833 ;;
   834                           
   835                           	psect	text6
   836   00FE02                     __ptext6:
   837                           	callstack 0
   838   00FE02                     _gpio_port_direction_initialize:
   839                           	callstack 29
   840                           
   841                           ;incstack = 0
   842                           ;gpio_port_direction_initialize@port stored from wreg
   843   00FE02  6E27               	movwf	gpio_port_direction_initialize@port^0,c
   844   00FE04                     
   845                           ;MCAL_Layer/GPIO/mcal_gpio.c: 185: Std_ReturnType gpio_port_direction_initialize(port_in
      +                          dex_t port, Std_ReturnType direction);MCAL_Layer/GPIO/mcal_gpio.c: 186: {;MCAL_Layer/GPI
      +                          O/mcal_gpio.c: 187:     Std_ReturnType ret = (Std_ReturnType)0x01;
   846   00FE04  0E01               	movlw	1
   847   00FE06  6E26               	movwf	gpio_port_direction_initialize@ret^0,c
   848   00FE08                     
   849                           ;MCAL_Layer/GPIO/mcal_gpio.c: 189:     if(port > 4)
   850   00FE08  0E04               	movlw	4
   851   00FE0A  6427               	cpfsgt	gpio_port_direction_initialize@port^0,c
   852   00FE0C  EF0A  F07F         	goto	u311
   853   00FE10  EF0C  F07F         	goto	u310
   854   00FE14                     u311:
   855   00FE14  EF10  F07F         	goto	l1022
   856   00FE18                     u310:
   857   00FE18                     
   858                           ;MCAL_Layer/GPIO/mcal_gpio.c: 190:     {;MCAL_Layer/GPIO/mcal_gpio.c: 191:         ret =
      +                           (Std_ReturnType)0x00;
   859   00FE18  0E00               	movlw	0
   860   00FE1A  6E26               	movwf	gpio_port_direction_initialize@ret^0,c
   861                           
   862                           ;MCAL_Layer/GPIO/mcal_gpio.c: 192:     }
   863   00FE1C  EF22  F07F         	goto	l1024
   864   00FE20                     l1022:
   865                           
   866                           ;MCAL_Layer/GPIO/mcal_gpio.c: 195:     {;MCAL_Layer/GPIO/mcal_gpio.c: 196:         *tris
      +                          _registers[port] = direction;
   867   00FE20  5027               	movf	gpio_port_direction_initialize@port^0,w,c
   868   00FE22  0D02               	mullw	2
   869   00FE24  0E15               	movlw	low _tris_registers
   870   00FE26  24F3               	addwf	243,w,c
   871   00FE28  6ED9               	movwf	fsr2l,c
   872   00FE2A  0E00               	movlw	high _tris_registers
   873   00FE2C  20F4               	addwfc	prodh,w,c
   874   00FE2E  6EDA               	movwf	fsr2h,c
   875   00FE30  CFDE F024          	movff	postinc2,??_gpio_port_direction_initialize
   876   00FE34  CFDD F025          	movff	postdec2,??_gpio_port_direction_initialize+1
   877   00FE38  C024  FFD9         	movff	??_gpio_port_direction_initialize,fsr2l
   878   00FE3C  C025  FFDA         	movff	??_gpio_port_direction_initialize+1,fsr2h
   879   00FE40  C023  FFDF         	movff	gpio_port_direction_initialize@direction,indf2
   880   00FE44                     l1024:
   881                           
   882                           ;MCAL_Layer/GPIO/mcal_gpio.c: 199:     return ret;
   883   00FE44  5026               	movf	gpio_port_direction_initialize@ret^0,w,c
   884   00FE46  0012               	return		;funcret
   885   00FE48                     __end_of_gpio_port_direction_initialize:
   886                           	callstack 0
   887   000000                     
   888                           	psect	rparam
   889   000000                     
   890                           	psect	idloc
   891                           
   892                           ;Config register IDLOC0 @ 0x200000
   893                           ;	unspecified, using default values
   894   200000                     	org	2097152
   895   200000  FF                 	db	255
   896                           
   897                           ;Config register IDLOC1 @ 0x200001
   898                           ;	unspecified, using default values
   899   200001                     	org	2097153
   900   200001  FF                 	db	255
   901                           
   902                           ;Config register IDLOC2 @ 0x200002
   903                           ;	unspecified, using default values
   904   200002                     	org	2097154
   905   200002  FF                 	db	255
   906                           
   907                           ;Config register IDLOC3 @ 0x200003
   908                           ;	unspecified, using default values
   909   200003                     	org	2097155
   910   200003  FF                 	db	255
   911                           
   912                           ;Config register IDLOC4 @ 0x200004
   913                           ;	unspecified, using default values
   914   200004                     	org	2097156
   915   200004  FF                 	db	255
   916                           
   917                           ;Config register IDLOC5 @ 0x200005
   918                           ;	unspecified, using default values
   919   200005                     	org	2097157
   920   200005  FF                 	db	255
   921                           
   922                           ;Config register IDLOC6 @ 0x200006
   923                           ;	unspecified, using default values
   924   200006                     	org	2097158
   925   200006  FF                 	db	255
   926                           
   927                           ;Config register IDLOC7 @ 0x200007
   928                           ;	unspecified, using default values
   929   200007                     	org	2097159
   930   200007  FF                 	db	255
   931                           
   932                           	psect	config
   933                           
   934                           ; Padding undefined space
   935   300000                     	org	3145728
   936   300000  FF                 	db	255
   937                           
   938                           ;Config register CONFIG1H @ 0x300001
   939                           ;	unspecified, using default values
   940                           ;	Oscillator Selection bits
   941                           ;	OSC = 0x7, unprogrammed default
   942                           ;	Fail-Safe Clock Monitor Enable bit
   943                           ;	FCMEN = 0x0, unprogrammed default
   944                           ;	Internal/External Oscillator Switchover bit
   945                           ;	IESO = 0x0, unprogrammed default
   946   300001                     	org	3145729
   947   300001  07                 	db	7
   948                           
   949                           ;Config register CONFIG2L @ 0x300002
   950                           ;	unspecified, using default values
   951                           ;	Power-up Timer Enable bit
   952                           ;	PWRT = 0x1, unprogrammed default
   953                           ;	Brown-out Reset Enable bits
   954                           ;	BOREN = 0x3, unprogrammed default
   955                           ;	Brown Out Reset Voltage bits
   956                           ;	BORV = 0x3, unprogrammed default
   957   300002                     	org	3145730
   958   300002  1F                 	db	31
   959                           
   960                           ;Config register CONFIG2H @ 0x300003
   961                           ;	unspecified, using default values
   962                           ;	Watchdog Timer Enable bit
   963                           ;	WDT = 0x1, unprogrammed default
   964                           ;	Watchdog Timer Postscale Select bits
   965                           ;	WDTPS = 0xF, unprogrammed default
   966   300003                     	org	3145731
   967   300003  1F                 	db	31
   968                           
   969                           ; Padding undefined space
   970   300004                     	org	3145732
   971   300004  FF                 	db	255
   972                           
   973                           ;Config register CONFIG3H @ 0x300005
   974                           ;	unspecified, using default values
   975                           ;	CCP2 MUX bit
   976                           ;	CCP2MX = 0x1, unprogrammed default
   977                           ;	PORTB A/D Enable bit
   978                           ;	PBADEN = 0x1, unprogrammed default
   979                           ;	Low-Power Timer1 Oscillator Enable bit
   980                           ;	LPT1OSC = 0x0, unprogrammed default
   981                           ;	MCLR Pin Enable bit
   982                           ;	MCLRE = 0x1, unprogrammed default
   983   300005                     	org	3145733
   984   300005  83                 	db	131
   985                           
   986                           ;Config register CONFIG4L @ 0x300006
   987                           ;	unspecified, using default values
   988                           ;	Stack Full/Underflow Reset Enable bit
   989                           ;	STVREN = 0x1, unprogrammed default
   990                           ;	Single-Supply ICSP Enable bit
   991                           ;	LVP = 0x1, unprogrammed default
   992                           ;	Extended Instruction Set Enable bit
   993                           ;	XINST = 0x0, unprogrammed default
   994                           ;	Background Debugger Enable bit
   995                           ;	DEBUG = 0x1, unprogrammed default
   996   300006                     	org	3145734
   997   300006  85                 	db	133
   998                           
   999                           ; Padding undefined space
  1000   300007                     	org	3145735
  1001   300007  FF                 	db	255
  1002                           
  1003                           ;Config register CONFIG5L @ 0x300008
  1004                           ;	unspecified, using default values
  1005                           ;	Code Protection bit
  1006                           ;	CP0 = 0x1, unprogrammed default
  1007                           ;	Code Protection bit
  1008                           ;	CP1 = 0x1, unprogrammed default
  1009                           ;	Code Protection bit
  1010                           ;	CP2 = 0x1, unprogrammed default
  1011                           ;	Code Protection bit
  1012                           ;	CP3 = 0x1, unprogrammed default
  1013   300008                     	org	3145736
  1014   300008  0F                 	db	15
  1015                           
  1016                           ;Config register CONFIG5H @ 0x300009
  1017                           ;	unspecified, using default values
  1018                           ;	Boot Block Code Protection bit
  1019                           ;	CPB = 0x1, unprogrammed default
  1020                           ;	Data EEPROM Code Protection bit
  1021                           ;	CPD = 0x1, unprogrammed default
  1022   300009                     	org	3145737
  1023   300009  C0                 	db	192
  1024                           
  1025                           ;Config register CONFIG6L @ 0x30000A
  1026                           ;	unspecified, using default values
  1027                           ;	Write Protection bit
  1028                           ;	WRT0 = 0x1, unprogrammed default
  1029                           ;	Write Protection bit
  1030                           ;	WRT1 = 0x1, unprogrammed default
  1031                           ;	Write Protection bit
  1032                           ;	WRT2 = 0x1, unprogrammed default
  1033                           ;	Write Protection bit
  1034                           ;	WRT3 = 0x1, unprogrammed default
  1035   30000A                     	org	3145738
  1036   30000A  0F                 	db	15
  1037                           
  1038                           ;Config register CONFIG6H @ 0x30000B
  1039                           ;	unspecified, using default values
  1040                           ;	Configuration Register Write Protection bit
  1041                           ;	WRTC = 0x1, unprogrammed default
  1042                           ;	Boot Block Write Protection bit
  1043                           ;	WRTB = 0x1, unprogrammed default
  1044                           ;	Data EEPROM Write Protection bit
  1045                           ;	WRTD = 0x1, unprogrammed default
  1046   30000B                     	org	3145739
  1047   30000B  E0                 	db	224
  1048                           
  1049                           ;Config register CONFIG7L @ 0x30000C
  1050                           ;	unspecified, using default values
  1051                           ;	Table Read Protection bit
  1052                           ;	EBTR0 = 0x1, unprogrammed default
  1053                           ;	Table Read Protection bit
  1054                           ;	EBTR1 = 0x1, unprogrammed default
  1055                           ;	Table Read Protection bit
  1056                           ;	EBTR2 = 0x1, unprogrammed default
  1057                           ;	Table Read Protection bit
  1058                           ;	EBTR3 = 0x1, unprogrammed default
  1059   30000C                     	org	3145740
  1060   30000C  0F                 	db	15
  1061                           
  1062                           ;Config register CONFIG7H @ 0x30000D
  1063                           ;	unspecified, using default values
  1064                           ;	Boot Block Table Read Protection bit
  1065                           ;	EBTRB = 0x1, unprogrammed default
  1066   30000D                     	org	3145741
  1067   30000D  40                 	db	64
  1068                           tosu	equ	0xFFF
  1069                           tosh	equ	0xFFE
  1070                           tosl	equ	0xFFD
  1071                           stkptr	equ	0xFFC
  1072                           pclatu	equ	0xFFB
  1073                           pclath	equ	0xFFA
  1074                           pcl	equ	0xFF9
  1075                           tblptru	equ	0xFF8
  1076                           tblptrh	equ	0xFF7
  1077                           tblptrl	equ	0xFF6
  1078                           tablat	equ	0xFF5
  1079                           prodh	equ	0xFF4
  1080                           prodl	equ	0xFF3
  1081                           indf0	equ	0xFEF
  1082                           postinc0	equ	0xFEE
  1083                           postdec0	equ	0xFED
  1084                           preinc0	equ	0xFEC
  1085                           plusw0	equ	0xFEB
  1086                           fsr0h	equ	0xFEA
  1087                           fsr0l	equ	0xFE9
  1088                           wreg	equ	0xFE8
  1089                           indf1	equ	0xFE7
  1090                           postinc1	equ	0xFE6
  1091                           postdec1	equ	0xFE5
  1092                           preinc1	equ	0xFE4
  1093                           plusw1	equ	0xFE3
  1094                           fsr1h	equ	0xFE2
  1095                           fsr1l	equ	0xFE1
  1096                           bsr	equ	0xFE0
  1097                           indf2	equ	0xFDF
  1098                           postinc2	equ	0xFDE
  1099                           postdec2	equ	0xFDD
  1100                           preinc2	equ	0xFDC
  1101                           plusw2	equ	0xFDB
  1102                           fsr2h	equ	0xFDA
  1103                           fsr2l	equ	0xFD9
  1104                           status	equ	0xFD8

Data Sizes:
    Strings     0
    Constant    0
    Data        34
    BSS         3
    Persistent  1
    Stack       0

Auto Spaces:
    Space          Size  Autos    Used
    COMRAM          127     10      48
    BANK0           128      0       0
    BANK1           256      0       0
    BANK2           256      0       0
    BANK3           256      0       0
    BANK4           256      0       0
    BANK5           256      0       0
    BANK6           256      0       0
    BANK7           256      0       0
    BANK8           256      0       0
    BANK9           256      0       0
    BANK10          256      0       0
    BANK11          256      0       0
    BANK12          256      0       0
    BANK13          256      0       0
    BANK14          256      0       0
    BANK15          128      0       0

Pointer List with Targets:

    gpio_port_read_logic@direction	PTR unsigned char  size(2) Largest target is 1
		 -> port_logic_status(COMRAM[1]), 

    gpio_port_direction_status@direction_status	PTR unsigned char  size(2) Largest target is 1
		 -> port_direction_status(COMRAM[1]), 

    port_registers	PTR volatile unsigned char [5] size(2) Largest target is 1
		 -> PORTE(BITBIGSFRll[1]), PORTD(BITBIGSFRll[1]), PORTC(BITBIGSFRll[1]), PORTB(BITBIGSFRll[1]), 
		 -> PORTA(BITBIGSFRll[1]), 

    lat_registers	PTR volatile unsigned char [5] size(2) Largest target is 1
		 -> LATE(BITBIGSFRlh[1]), LATD(BITBIGSFRlh[1]), LATC(BITBIGSFRlh[1]), LATB(BITBIGSFRlh[1]), 
		 -> LATA(BITBIGSFRll[1]), 

    tris_registers	PTR volatile unsigned char [5] size(2) Largest target is 1
		 -> TRISE(BITBIGSFRh[1]), TRISD(BITBIGSFRh[1]), TRISC(BITBIGSFRh[1]), TRISB(BITBIGSFRh[1]), 
		 -> TRISA(BITBIGSFRll[1]), 


Critical Paths under _main in COMRAM

    _main->_application_initialize
    _application_initialize->_gpio_port_direction_status
    _application_initialize->_gpio_port_read_logic

Critical Paths under _main in BANK0

    None.

Critical Paths under _main in BANK1

    None.

Critical Paths under _main in BANK2

    None.

Critical Paths under _main in BANK3

    None.

Critical Paths under _main in BANK4

    None.

Critical Paths under _main in BANK5

    None.

Critical Paths under _main in BANK6

    None.

Critical Paths under _main in BANK7

    None.

Critical Paths under _main in BANK8

    None.

Critical Paths under _main in BANK9

    None.

Critical Paths under _main in BANK10

    None.

Critical Paths under _main in BANK11

    None.

Critical Paths under _main in BANK12

    None.

Critical Paths under _main in BANK13

    None.

Critical Paths under _main in BANK14

    None.

Critical Paths under _main in BANK15

    None.

Call Graph Tables:

 ---------------------------------------------------------------------------------
 (Depth) Function   	        Calls       Base Space   Used Autos Params    Refs
 ---------------------------------------------------------------------------------
 (0) _main                                                 2     2      0     905
                                              8 COMRAM     2     2      0
             _application_initialize
             _gpio_port_toggle_logic
 ---------------------------------------------------------------------------------
 (1) _gpio_port_toggle_logic                               4     4      0      45
                                              0 COMRAM     4     4      0
 ---------------------------------------------------------------------------------
 (1) _application_initialize                               2     2      0     860
                                              6 COMRAM     2     2      0
     _gpio_port_direction_initialize
         _gpio_port_direction_status
               _gpio_port_read_logic
              _gpio_port_write_logic
 ---------------------------------------------------------------------------------
 (2) _gpio_port_write_logic                                5     4      1     242
                                              0 COMRAM     5     4      1
 ---------------------------------------------------------------------------------
 (2) _gpio_port_read_logic                                 6     4      2     264
                                              0 COMRAM     6     4      2
 ---------------------------------------------------------------------------------
 (2) _gpio_port_direction_status                           6     4      2     188
                                              0 COMRAM     6     4      2
 ---------------------------------------------------------------------------------
 (2) _gpio_port_direction_initialize                       5     4      1     166
                                              0 COMRAM     5     4      1
 ---------------------------------------------------------------------------------
 Estimated maximum stack depth 2
 ---------------------------------------------------------------------------------

 Call Graph Graphs:

 _main (ROOT)
   _application_initialize
     _gpio_port_direction_initialize
     _gpio_port_direction_status
     _gpio_port_read_logic
     _gpio_port_write_logic
   _gpio_port_toggle_logic

 Address spaces:
Name               Size   Autos  Total    Cost      Usage
BIGRAM             F7F      0       0      40        0.0%
EEDATA             400      0       0       0        0.0%
BITBANK14          100      0       0      32        0.0%
BANK14             100      0       0      33        0.0%
BITBANK13          100      0       0      30        0.0%
BANK13             100      0       0      31        0.0%
BITBANK12          100      0       0      28        0.0%
BANK12             100      0       0      29        0.0%
BITBANK11          100      0       0      26        0.0%
BANK11             100      0       0      27        0.0%
BITBANK10          100      0       0      24        0.0%
BANK10             100      0       0      25        0.0%
BITBANK9           100      0       0      22        0.0%
BANK9              100      0       0      23        0.0%
BITBANK8           100      0       0      20        0.0%
BANK8              100      0       0      21        0.0%
BITBANK7           100      0       0      18        0.0%
BANK7              100      0       0      19        0.0%
BITBANK6           100      0       0      16        0.0%
BANK6              100      0       0      17        0.0%
BITBANK5           100      0       0      14        0.0%
BANK5              100      0       0      15        0.0%
BITBANK4           100      0       0      12        0.0%
BANK4              100      0       0      13        0.0%
BITBANK3           100      0       0      10        0.0%
BANK3              100      0       0      11        0.0%
BITBANK2           100      0       0       8        0.0%
BANK2              100      0       0       9        0.0%
BITBANK1           100      0       0       6        0.0%
BANK1              100      0       0       7        0.0%
BITBANK15           80      0       0      34        0.0%
BANK15              80      0       0      35        0.0%
BITBANK0            80      0       0       4        0.0%
BANK0               80      0       0       5        0.0%
BITCOMRAM           7F      0       0       0        0.0%
COMRAM              7F      A      30       1       37.8%
BITBIGSFRh          69      0       0      36        0.0%
BITBIGSFRlh          4      0       0      37        0.0%
BITBIGSFRll          4      0       0      38        0.0%
BIGSFR               0      0       0     200        0.0%
BITSFR               0      0       0     200        0.0%
SFR                  0      0       0     200        0.0%
STACK                0      0       0       2        0.0%
NULL                 0      0       0       0        0.0%
ABS                  0      0      30      39        0.0%
DATA                 0      0      30       3        0.0%
CODE                 0      0       0       0        0.0%


Microchip Technology PIC18 Macro Assembler V2.41 build 20230208172133 
Symbol Table                                                                                   Sun Apr 16 21:34:47 2023

                                        l93 FE46                                         l100 FF32  
                                       l112 FF92                                         l105 FE8C  
                                       l117 FED2                                         l158 FFFE  
                                       l940 FEAC                                         l942 FED0  
                                       l934 FE90                                         l936 FE94  
                                       l938 FEA4                                         u310 FE18  
                                       u311 FE14                                         u320 FEEC  
                                       u321 FEE8                                         u330 FEFC  
                                       u170 FEA4                                         u331 FEF8  
                                       u171 FEA0                                         u340 FE5E  
                                       u341 FE5A                                         u350 FF4C  
                                       u351 FF48                                         u360 FF5C  
                                       u361 FF58                                         u377 FDBE  
                                       u387 FFD6                                         _ret 0030  
                                       prod 0FF3                                         wreg 0FE8  
                                      l1020 FE18                                        l1022 FE20  
                                      l1030 FEDA                                        l1024 FE44  
                                      l1016 FE04                                        l1032 FEEC  
                                      l1018 FE08                                        l1034 FEFC  
                                      l1050 FE8A                                        l1042 FE4A  
                                      l1036 FF04                                        l1028 FED6  
                                      l1060 FF5C                                        l1044 FE4E  
                                      l1038 FF30                                        l1062 FF64  
                                      l1054 FF36                                        l1046 FE5E  
                                      l1070 FFA0                                        l1064 FF90  
                                      l1056 FF3A                                        l1048 FE66  
                                      l1072 FFB0                                        l1080 FDA8  
                                      l1058 FF4C                                        l1074 FFCC  
                                      l1082 FDAC                                        l1076 FFE2  
                                      l1068 FF94                                        l1084 FDB4  
                                      l1078 FFEE                                        _LATA 0F89  
                                      _LATB 0F8A                                        _LATC 0F8B  
                                      _LATD 0F8C                                        _LATE 0F8D  
                   gpio_port_read_logic@ret 0027                                        _main FDA8  
                                      fsr1h 0FE2                                        fsr2h 0FDA  
                                      indf1 0FE7                                        indf2 0FDF  
                                      fsr1l 0FE1                                        fsr2l 0FD9  
                                      prodl 0FF3                                        start 0000  
                              ___param_bank 0000                       _gpio_port_write_logic FE48  
                                     ?_main 0023                    ??_application_initialize 0029  
                                     _PORTA 0F80                                       _PORTB 0F81  
                                     _PORTC 0F82                                       _PORTD 0F83  
                                     _PORTE 0F84                                       _TRISA 0F92  
                                     _TRISB 0F93                                       _TRISC 0F94  
                                     _TRISD 0F95                                       _TRISE 0F96  
                  gpio_port_read_logic@port 0028                                       _led_1 0022  
                                     _btn_1 001F                                       _led_2 0021  
                                     _led_3 0020                                       tablat 0FF5  
                                     status 0FD8                       _port_direction_status 002F  
                           __initialization FDD2                                __end_of_main FDD2  
             gpio_port_direction_status@ret 0027                               _lat_registers 000B  
               ?_gpio_port_direction_status 0023                                      ??_main 002B  
                             __activetblptr 0002                   gpio_port_write_logic@port 0027  
                   ?_gpio_port_toggle_logic 0023      __end_of_gpio_port_direction_initialize FE48  
            _gpio_port_direction_initialize FE02                      ?_gpio_port_write_logic 0023  
                                    isa$std 0001                                __pdataCOMRAM 0001  
                                    tblptrh 0FF7                                      tblptrl 0FF6  
                                    tblptru 0FF8                __end_of_gpio_port_read_logic FF94  
                                __accesstop 0080                     __end_of__initialization FDF8  
            __end_of_gpio_port_toggle_logic FED4                               ___rparam_used 0001  
                            __pcstackCOMRAM 0023                  gpio_port_toggle_logic@port 0026  
                  gpio_port_write_logic@ret 0026                      _application_initialize FF94  
                                __pnvCOMRAM 0030                              _tris_registers 0015  
                                   __Hparam 0000                                     __Lparam 0000  
                      _gpio_port_read_logic FF34                                     __pcinit FDD2  
                                   __ramtop 1000                                     __ptext0 FDA8  
                                   __ptext1 FE8E                                     __ptext2 FF94  
                                   __ptext3 FE48                                     __ptext4 FF34  
                                   __ptext5 FED4                                     __ptext6 FE02  
                      end_of_initialization FDF8           gpio_port_direction_initialize@ret 0026  
                             __Lmediumconst 0000                     ??_gpio_port_write_logic 0024  
                     ?_gpio_port_read_logic 0023                                     postdec1 0FE5  
                                   postdec2 0FDD                                     postinc0 0FEE  
                                   postinc2 0FDE     gpio_port_direction_initialize@direction 0023  
                             __pidataCOMRAM FD86                         start_initialization FDD2  
             gpio_port_read_logic@direction 0023                     ?_application_initialize 0023  
                    ??_gpio_port_read_logic 0025                           _port_logic_status 002E  
                               __pbssCOMRAM 002D              __end_of_application_initialize 0000  
                               _btn1_status 002D                ??_gpio_port_direction_status 0025  
                  ??_gpio_port_toggle_logic 0023               __end_of_gpio_port_write_logic FE8E  
                                 copy_data0 FDE6  gpio_port_direction_status@direction_status 0023  
                                  __Hrparam 0000                                    __Lrparam 0000  
                 gpio_port_toggle_logic@ret 0025                                    isa$xinst 0000  
            gpio_port_direction_status@port 0028          __end_of_gpio_port_direction_status FF34  
                _gpio_port_direction_status FED4            ??_gpio_port_direction_initialize 0024  
           ?_gpio_port_direction_initialize 0023          gpio_port_direction_initialize@port 0027  
                    _gpio_port_toggle_logic FE8E                              _port_registers 0001  
                gpio_port_write_logic@logic 0023  
